INFO [2019-01-30 08:12:47] $x
INFO [2019-01-30 08:12:47] venn_list
INFO [2019-01-30 08:12:47] 
INFO [2019-01-30 08:12:47] $filename
INFO [2019-01-30 08:12:47] venn_output_file
INFO [2019-01-30 08:12:47] 
INFO [2019-01-30 08:12:47] $fill
INFO [2019-01-30 08:12:47] c("red", "blue")
INFO [2019-01-30 08:12:47] 
INFO [2019-01-30 08:12:47] $height
INFO [2019-01-30 08:12:47] [1] 1500
INFO [2019-01-30 08:12:47] 
INFO [2019-01-30 08:12:47] $width
INFO [2019-01-30 08:12:47] [1] 1500
INFO [2019-01-30 08:12:47] 
INFO [2019-01-30 08:12:47] $scaled
INFO [2019-01-30 08:12:47] [1] FALSE
INFO [2019-01-30 08:12:47] 
INFO [2019-01-30 08:12:47] $cat.pos
INFO [2019-01-30 08:12:47] [1] 10
INFO [2019-01-30 08:12:47] 
